{"/Users/martin/Desktop/projects/2023_COMS4156/client_info_mgt/client_info_mgt.js": {"path":"/Users/martin/Desktop/projects/2023_COMS4156/client_info_mgt/client_info_mgt.js","statementMap":{"0":{"start":{"line":1,"column":16},"end":{"line":1,"column":44}},"1":{"start":{"line":2,"column":9},"end":{"line":2,"column":47}},"2":{"start":{"line":5,"column":0},"end":{"line":9,"column":3}},"3":{"start":{"line":6,"column":2},"end":{"line":8,"column":4}},"4":{"start":{"line":20,"column":24},"end":{"line":36,"column":1}},"5":{"start":{"line":22,"column":25},"end":{"line":22,"column":61}},"6":{"start":{"line":24,"column":26},"end":{"line":29,"column":28}},"7":{"start":{"line":31,"column":2},"end":{"line":31,"column":31}},"8":{"start":{"line":33,"column":14},"end":{"line":33,"column":47}},"9":{"start":{"line":34,"column":18},"end":{"line":34,"column":40}},"10":{"start":{"line":35,"column":2},"end":{"line":35,"column":17}},"11":{"start":{"line":46,"column":29},"end":{"line":62,"column":1}},"12":{"start":{"line":47,"column":2},"end":{"line":47,"column":40}},"13":{"start":{"line":48,"column":32},"end":{"line":48,"column":69}},"14":{"start":{"line":50,"column":26},"end":{"line":55,"column":28}},"15":{"start":{"line":59,"column":14},"end":{"line":59,"column":47}},"16":{"start":{"line":60,"column":2},"end":{"line":60,"column":21}},"17":{"start":{"line":61,"column":2},"end":{"line":61,"column":13}},"18":{"start":{"line":74,"column":22},"end":{"line":83,"column":1}},"19":{"start":{"line":75,"column":2},"end":{"line":82,"column":5}},"20":{"start":{"line":76,"column":4},"end":{"line":81,"column":6}},"21":{"start":{"line":79,"column":8},"end":{"line":79,"column":18}},"22":{"start":{"line":91,"column":20},"end":{"line":97,"column":1}},"23":{"start":{"line":92,"column":2},"end":{"line":96,"column":5}},"24":{"start":{"line":93,"column":4},"end":{"line":95,"column":7}},"25":{"start":{"line":94,"column":6},"end":{"line":94,"column":19}},"26":{"start":{"line":110,"column":24},"end":{"line":132,"column":1}},"27":{"start":{"line":111,"column":21},"end":{"line":111,"column":48}},"28":{"start":{"line":116,"column":2},"end":{"line":127,"column":3}},"29":{"start":{"line":117,"column":4},"end":{"line":121,"column":5}},"30":{"start":{"line":118,"column":6},"end":{"line":118,"column":37}},"31":{"start":{"line":120,"column":6},"end":{"line":120,"column":49}},"32":{"start":{"line":123,"column":4},"end":{"line":123,"column":89}},"33":{"start":{"line":125,"column":4},"end":{"line":125,"column":35}},"34":{"start":{"line":126,"column":4},"end":{"line":126,"column":89}},"35":{"start":{"line":129,"column":2},"end":{"line":129,"column":80}},"36":{"start":{"line":131,"column":2},"end":{"line":131,"column":18}},"37":{"start":{"line":135,"column":0},"end":{"line":142,"column":2}}},"fnMap":{"0":{"name":"(anonymous_0)","decl":{"start":{"line":5,"column":13},"end":{"line":5,"column":14}},"loc":{"start":{"line":5,"column":19},"end":{"line":9,"column":1}},"line":5},"1":{"name":"(anonymous_1)","decl":{"start":{"line":20,"column":24},"end":{"line":20,"column":25}},"loc":{"start":{"line":20,"column":92},"end":{"line":36,"column":1}},"line":20},"2":{"name":"(anonymous_2)","decl":{"start":{"line":46,"column":29},"end":{"line":46,"column":30}},"loc":{"start":{"line":46,"column":74},"end":{"line":62,"column":1}},"line":46},"3":{"name":"(anonymous_3)","decl":{"start":{"line":74,"column":22},"end":{"line":74,"column":23}},"loc":{"start":{"line":74,"column":96},"end":{"line":83,"column":1}},"line":74},"4":{"name":"(anonymous_4)","decl":{"start":{"line":75,"column":21},"end":{"line":75,"column":22}},"loc":{"start":{"line":75,"column":34},"end":{"line":82,"column":3}},"line":75},"5":{"name":"(anonymous_5)","decl":{"start":{"line":78,"column":6},"end":{"line":78,"column":7}},"loc":{"start":{"line":78,"column":18},"end":{"line":80,"column":7}},"line":78},"6":{"name":"(anonymous_6)","decl":{"start":{"line":91,"column":20},"end":{"line":91,"column":21}},"loc":{"start":{"line":91,"column":46},"end":{"line":97,"column":1}},"line":91},"7":{"name":"(anonymous_7)","decl":{"start":{"line":92,"column":21},"end":{"line":92,"column":22}},"loc":{"start":{"line":92,"column":34},"end":{"line":96,"column":3}},"line":92},"8":{"name":"(anonymous_8)","decl":{"start":{"line":93,"column":69},"end":{"line":93,"column":70}},"loc":{"start":{"line":93,"column":83},"end":{"line":95,"column":5}},"line":93},"9":{"name":"(anonymous_9)","decl":{"start":{"line":110,"column":24},"end":{"line":110,"column":25}},"loc":{"start":{"line":110,"column":109},"end":{"line":132,"column":1}},"line":110}},"branchMap":{"0":{"loc":{"start":{"line":116,"column":2},"end":{"line":127,"column":3}},"type":"if","locations":[{"start":{"line":116,"column":2},"end":{"line":127,"column":3}},{"start":{"line":124,"column":9},"end":{"line":127,"column":3}}],"line":116},"1":{"loc":{"start":{"line":117,"column":4},"end":{"line":121,"column":5}},"type":"if","locations":[{"start":{"line":117,"column":4},"end":{"line":121,"column":5}},{"start":{"line":119,"column":11},"end":{"line":121,"column":5}}],"line":117}},"s":{"0":1,"1":1,"2":1,"3":1,"4":1,"5":6,"6":6,"7":6,"8":6,"9":6,"10":6,"11":1,"12":1,"13":1,"14":1,"15":1,"16":1,"17":1,"18":1,"19":6,"20":6,"21":6,"22":1,"23":8,"24":8,"25":8,"26":1,"27":5,"28":5,"29":5,"30":5,"31":0,"32":5,"33":0,"34":0,"35":5,"36":5,"37":1},"f":{"0":1,"1":6,"2":1,"3":6,"4":6,"5":6,"6":8,"7":8,"8":8,"9":5},"b":{"0":[5,0],"1":[5,0]},"_coverageSchema":"1a1c01bbd47fc00a2c39e90264f33305004495a9","hash":"7e6e82b6942f9cb6818203ecd1aa3c70a446463f"}
,"/Users/martin/Desktop/projects/2023_COMS4156/content_fetcher/pubmed.js": {"path":"/Users/martin/Desktop/projects/2023_COMS4156/content_fetcher/pubmed.js","statementMap":{"0":{"start":{"line":2,"column":22},"end":{"line":2,"column":39}},"1":{"start":{"line":20,"column":24},"end":{"line":53,"column":1}},"2":{"start":{"line":22,"column":4},"end":{"line":22,"column":65}},"3":{"start":{"line":23,"column":15},"end":{"line":23,"column":23}},"4":{"start":{"line":24,"column":17},"end":{"line":24,"column":28}},"5":{"start":{"line":25,"column":19},"end":{"line":25,"column":27}},"6":{"start":{"line":26,"column":24},"end":{"line":26,"column":29}},"7":{"start":{"line":28,"column":4},"end":{"line":35,"column":30}},"8":{"start":{"line":38,"column":2},"end":{"line":52,"column":7}},"9":{"start":{"line":39,"column":24},"end":{"line":39,"column":39}},"10":{"start":{"line":41,"column":21},"end":{"line":41,"column":36}},"11":{"start":{"line":42,"column":21},"end":{"line":42,"column":63}},"12":{"start":{"line":44,"column":22},"end":{"line":44,"column":55}},"13":{"start":{"line":45,"column":22},"end":{"line":45,"column":24}},"14":{"start":{"line":48,"column":6},"end":{"line":50,"column":7}},"15":{"start":{"line":48,"column":19},"end":{"line":48,"column":20}},"16":{"start":{"line":49,"column":8},"end":{"line":49,"column":57}},"17":{"start":{"line":51,"column":6},"end":{"line":51,"column":21}},"18":{"start":{"line":69,"column":24},"end":{"line":101,"column":1}},"19":{"start":{"line":70,"column":19},"end":{"line":70,"column":79}},"20":{"start":{"line":71,"column":13},"end":{"line":71,"column":17}},"21":{"start":{"line":72,"column":18},"end":{"line":72,"column":28}},"22":{"start":{"line":73,"column":19},"end":{"line":73,"column":27}},"23":{"start":{"line":74,"column":24},"end":{"line":74,"column":29}},"24":{"start":{"line":76,"column":4},"end":{"line":83,"column":24}},"25":{"start":{"line":86,"column":2},"end":{"line":100,"column":7}},"26":{"start":{"line":87,"column":24},"end":{"line":87,"column":39}},"27":{"start":{"line":89,"column":21},"end":{"line":89,"column":36}},"28":{"start":{"line":90,"column":21},"end":{"line":90,"column":63}},"29":{"start":{"line":91,"column":28},"end":{"line":91,"column":30}},"30":{"start":{"line":93,"column":23},"end":{"line":93,"column":66}},"31":{"start":{"line":94,"column":6},"end":{"line":98,"column":7}},"32":{"start":{"line":94,"column":19},"end":{"line":94,"column":20}},"33":{"start":{"line":95,"column":24},"end":{"line":95,"column":35}},"34":{"start":{"line":96,"column":28},"end":{"line":96,"column":45}},"35":{"start":{"line":97,"column":8},"end":{"line":97,"column":40}},"36":{"start":{"line":99,"column":6},"end":{"line":99,"column":27}},"37":{"start":{"line":117,"column":29},"end":{"line":134,"column":1}},"38":{"start":{"line":118,"column":17},"end":{"line":118,"column":61}},"39":{"start":{"line":119,"column":19},"end":{"line":119,"column":21}},"40":{"start":{"line":123,"column":4},"end":{"line":129,"column":5}},"41":{"start":{"line":123,"column":17},"end":{"line":123,"column":18}},"42":{"start":{"line":125,"column":6},"end":{"line":125,"column":63}},"43":{"start":{"line":125,"column":37},"end":{"line":125,"column":61}},"44":{"start":{"line":126,"column":6},"end":{"line":126,"column":63}},"45":{"start":{"line":127,"column":22},"end":{"line":127,"column":54}},"46":{"start":{"line":128,"column":6},"end":{"line":128,"column":29}},"47":{"start":{"line":131,"column":2},"end":{"line":131,"column":25}},"48":{"start":{"line":132,"column":2},"end":{"line":132,"column":22}},"49":{"start":{"line":133,"column":2},"end":{"line":133,"column":18}},"50":{"start":{"line":136,"column":0},"end":{"line":140,"column":2}}},"fnMap":{"0":{"name":"(anonymous_0)","decl":{"start":{"line":20,"column":24},"end":{"line":20,"column":25}},"loc":{"start":{"line":20,"column":61},"end":{"line":53,"column":1}},"line":20},"1":{"name":"(anonymous_1)","decl":{"start":{"line":39,"column":10},"end":{"line":39,"column":11}},"loc":{"start":{"line":39,"column":24},"end":{"line":39,"column":39}},"line":39},"2":{"name":"(anonymous_2)","decl":{"start":{"line":40,"column":10},"end":{"line":40,"column":11}},"loc":{"start":{"line":40,"column":22},"end":{"line":52,"column":5}},"line":40},"3":{"name":"(anonymous_3)","decl":{"start":{"line":69,"column":24},"end":{"line":69,"column":25}},"loc":{"start":{"line":69,"column":40},"end":{"line":101,"column":1}},"line":69},"4":{"name":"(anonymous_4)","decl":{"start":{"line":87,"column":10},"end":{"line":87,"column":11}},"loc":{"start":{"line":87,"column":24},"end":{"line":87,"column":39}},"line":87},"5":{"name":"(anonymous_5)","decl":{"start":{"line":88,"column":10},"end":{"line":88,"column":11}},"loc":{"start":{"line":88,"column":22},"end":{"line":100,"column":5}},"line":88},"6":{"name":"(anonymous_6)","decl":{"start":{"line":117,"column":29},"end":{"line":117,"column":30}},"loc":{"start":{"line":117,"column":72},"end":{"line":134,"column":1}},"line":117},"7":{"name":"fetchAbstracts","decl":{"start":{"line":122,"column":17},"end":{"line":122,"column":31}},"loc":{"start":{"line":122,"column":34},"end":{"line":130,"column":3}},"line":122},"8":{"name":"(anonymous_8)","decl":{"start":{"line":125,"column":24},"end":{"line":125,"column":25}},"loc":{"start":{"line":125,"column":37},"end":{"line":125,"column":61}},"line":125}},"branchMap":{"0":{"loc":{"start":{"line":20,"column":44},"end":{"line":20,"column":59}},"type":"default-arg","locations":[{"start":{"line":20,"column":58},"end":{"line":20,"column":59}}],"line":20},"1":{"loc":{"start":{"line":117,"column":55},"end":{"line":117,"column":70}},"type":"default-arg","locations":[{"start":{"line":117,"column":69},"end":{"line":117,"column":70}}],"line":117}},"s":{"0":2,"1":2,"2":9,"3":9,"4":9,"5":9,"6":9,"7":9,"8":9,"9":9,"10":9,"11":9,"12":9,"13":9,"14":9,"15":9,"16":42,"17":9,"18":2,"19":21,"20":21,"21":21,"22":21,"23":21,"24":21,"25":21,"26":21,"27":21,"28":21,"29":21,"30":21,"31":21,"32":21,"33":81,"34":81,"35":81,"36":21,"37":2,"38":4,"39":4,"40":4,"41":4,"42":20,"43":20,"44":20,"45":20,"46":20,"47":4,"48":4,"49":4,"50":2},"f":{"0":9,"1":9,"2":9,"3":21,"4":21,"5":21,"6":4,"7":4,"8":20},"b":{"0":[1],"1":[1]},"_coverageSchema":"1a1c01bbd47fc00a2c39e90264f33305004495a9","hash":"6844a74bd08db4b3ffef8276aa6dd5e1e8c8689f"}
,"/Users/martin/Desktop/projects/2023_COMS4156/content_fetcher/wikipedia.js": {"path":"/Users/martin/Desktop/projects/2023_COMS4156/content_fetcher/wikipedia.js","statementMap":{"0":{"start":{"line":2,"column":2},"end":{"line":2,"column":47}},"1":{"start":{"line":4,"column":2},"end":{"line":7,"column":3}},"2":{"start":{"line":5,"column":4},"end":{"line":5,"column":55}},"3":{"start":{"line":6,"column":4},"end":{"line":6,"column":14}},"4":{"start":{"line":9,"column":2},"end":{"line":39,"column":3}},"5":{"start":{"line":10,"column":22},"end":{"line":10,"column":145}},"6":{"start":{"line":11,"column":27},"end":{"line":11,"column":49}},"7":{"start":{"line":12,"column":23},"end":{"line":12,"column":50}},"8":{"start":{"line":14,"column":4},"end":{"line":17,"column":5}},"9":{"start":{"line":15,"column":6},"end":{"line":15,"column":38}},"10":{"start":{"line":16,"column":6},"end":{"line":16,"column":16}},"11":{"start":{"line":19,"column":20},"end":{"line":19,"column":106}},"12":{"start":{"line":19,"column":82},"end":{"line":19,"column":95}},"13":{"start":{"line":21,"column":23},"end":{"line":21,"column":146}},"14":{"start":{"line":22,"column":28},"end":{"line":22,"column":51}},"15":{"start":{"line":23,"column":24},"end":{"line":23,"column":52}},"16":{"start":{"line":25,"column":18},"end":{"line":25,"column":41}},"17":{"start":{"line":26,"column":20},"end":{"line":26,"column":22}},"18":{"start":{"line":28,"column":4},"end":{"line":33,"column":5}},"19":{"start":{"line":29,"column":6},"end":{"line":32,"column":9}},"20":{"start":{"line":34,"column":4},"end":{"line":34,"column":24}},"21":{"start":{"line":35,"column":4},"end":{"line":35,"column":19}},"22":{"start":{"line":37,"column":4},"end":{"line":37,"column":49}},"23":{"start":{"line":38,"column":4},"end":{"line":38,"column":14}},"24":{"start":{"line":42,"column":0},"end":{"line":44,"column":2}}},"fnMap":{"0":{"name":"fetchWikipediaData","decl":{"start":{"line":1,"column":15},"end":{"line":1,"column":33}},"loc":{"start":{"line":1,"column":61},"end":{"line":40,"column":1}},"line":1},"1":{"name":"(anonymous_1)","decl":{"start":{"line":19,"column":70},"end":{"line":19,"column":71}},"loc":{"start":{"line":19,"column":82},"end":{"line":19,"column":95}},"line":19}},"branchMap":{"0":{"loc":{"start":{"line":1,"column":44},"end":{"line":1,"column":59}},"type":"default-arg","locations":[{"start":{"line":1,"column":58},"end":{"line":1,"column":59}}],"line":1},"1":{"loc":{"start":{"line":4,"column":2},"end":{"line":7,"column":3}},"type":"if","locations":[{"start":{"line":4,"column":2},"end":{"line":7,"column":3}},{"start":{},"end":{}}],"line":4},"2":{"loc":{"start":{"line":14,"column":4},"end":{"line":17,"column":5}},"type":"if","locations":[{"start":{"line":14,"column":4},"end":{"line":17,"column":5}},{"start":{},"end":{}}],"line":14},"3":{"loc":{"start":{"line":14,"column":8},"end":{"line":14,"column":93}},"type":"binary-expr","locations":[{"start":{"line":14,"column":8},"end":{"line":14,"column":25}},{"start":{"line":14,"column":29},"end":{"line":14,"column":53}},{"start":{"line":14,"column":57},"end":{"line":14,"column":93}}],"line":14}},"s":{"0":7,"1":7,"2":1,"3":1,"4":6,"5":6,"6":6,"7":5,"8":5,"9":1,"10":1,"11":4,"12":32,"13":4,"14":4,"15":4,"16":4,"17":4,"18":4,"19":32,"20":4,"21":4,"22":1,"23":1,"24":1},"f":{"0":7,"1":32},"b":{"0":[0],"1":[1,6],"2":[1,4],"3":[5,5,5]},"_coverageSchema":"1a1c01bbd47fc00a2c39e90264f33305004495a9","hash":"cdbb0fdb4fb5737bae7e2cf040b76bda9ccadef7"}
,"/Users/martin/Desktop/projects/2023_COMS4156/content_optimizer/llm.js": {"path":"/Users/martin/Desktop/projects/2023_COMS4156/content_optimizer/llm.js","statementMap":{"0":{"start":{"line":1,"column":19},"end":{"line":1,"column":51}},"1":{"start":{"line":2,"column":31},"end":{"line":2,"column":59}},"2":{"start":{"line":3,"column":22},"end":{"line":3,"column":39}},"3":{"start":{"line":4,"column":18},"end":{"line":4,"column":34}},"4":{"start":{"line":5,"column":0},"end":{"line":5,"column":29}},"5":{"start":{"line":8,"column":12},"end":{"line":10,"column":2}},"6":{"start":{"line":18,"column":2},"end":{"line":20,"column":3}},"7":{"start":{"line":19,"column":4},"end":{"line":19,"column":51}},"8":{"start":{"line":21,"column":14},"end":{"line":21,"column":34}},"9":{"start":{"line":22,"column":2},"end":{"line":22,"column":13}},"10":{"start":{"line":33,"column":2},"end":{"line":35,"column":3}},"11":{"start":{"line":34,"column":4},"end":{"line":34,"column":51}},"12":{"start":{"line":37,"column":27},"end":{"line":37,"column":113}},"13":{"start":{"line":38,"column":33},"end":{"line":38,"column":107}},"14":{"start":{"line":40,"column":24},"end":{"line":40,"column":33}},"15":{"start":{"line":41,"column":19},"end":{"line":47,"column":95}},"16":{"start":{"line":48,"column":21},"end":{"line":51,"column":4}},"17":{"start":{"line":52,"column":16},"end":{"line":52,"column":36}},"18":{"start":{"line":53,"column":14},"end":{"line":55,"column":4}},"19":{"start":{"line":56,"column":2},"end":{"line":56,"column":13}},"20":{"start":{"line":66,"column":28},"end":{"line":66,"column":30}},"21":{"start":{"line":67,"column":2},"end":{"line":67,"column":44}},"22":{"start":{"line":69,"column":2},"end":{"line":69,"column":25}},"23":{"start":{"line":70,"column":2},"end":{"line":73,"column":3}},"24":{"start":{"line":72,"column":4},"end":{"line":72,"column":72}},"25":{"start":{"line":76,"column":2},"end":{"line":86,"column":3}},"26":{"start":{"line":76,"column":15},"end":{"line":76,"column":16}},"27":{"start":{"line":77,"column":29},"end":{"line":77,"column":52}},"28":{"start":{"line":78,"column":20},"end":{"line":78,"column":84}},"29":{"start":{"line":79,"column":28},"end":{"line":79,"column":63}},"30":{"start":{"line":81,"column":4},"end":{"line":85,"column":7}},"31":{"start":{"line":87,"column":2},"end":{"line":87,"column":22}},"32":{"start":{"line":88,"column":2},"end":{"line":88,"column":27}},"33":{"start":{"line":99,"column":2},"end":{"line":102,"column":3}},"34":{"start":{"line":101,"column":4},"end":{"line":101,"column":75}},"35":{"start":{"line":104,"column":28},"end":{"line":104,"column":30}},"36":{"start":{"line":105,"column":2},"end":{"line":105,"column":42}},"37":{"start":{"line":107,"column":2},"end":{"line":116,"column":3}},"38":{"start":{"line":108,"column":20},"end":{"line":108,"column":81}},"39":{"start":{"line":109,"column":28},"end":{"line":109,"column":63}},"40":{"start":{"line":111,"column":4},"end":{"line":115,"column":7}},"41":{"start":{"line":117,"column":2},"end":{"line":117,"column":22}},"42":{"start":{"line":118,"column":2},"end":{"line":118,"column":27}},"43":{"start":{"line":121,"column":0},"end":{"line":126,"column":2}}},"fnMap":{"0":{"name":"atomChat","decl":{"start":{"line":17,"column":15},"end":{"line":17,"column":23}},"loc":{"start":{"line":17,"column":30},"end":{"line":23,"column":1}},"line":17},"1":{"name":"summarizeText","decl":{"start":{"line":32,"column":15},"end":{"line":32,"column":28}},"loc":{"start":{"line":32,"column":76},"end":{"line":57,"column":1}},"line":32},"2":{"name":"summarizePubmedOutput","decl":{"start":{"line":65,"column":15},"end":{"line":65,"column":36}},"loc":{"start":{"line":65,"column":90},"end":{"line":89,"column":1}},"line":65},"3":{"name":"summarizeWikipediaOutput","decl":{"start":{"line":97,"column":15},"end":{"line":97,"column":39}},"loc":{"start":{"line":97,"column":96},"end":{"line":119,"column":1}},"line":97}},"branchMap":{"0":{"loc":{"start":{"line":18,"column":2},"end":{"line":20,"column":3}},"type":"if","locations":[{"start":{"line":18,"column":2},"end":{"line":20,"column":3}},{"start":{},"end":{}}],"line":18},"1":{"loc":{"start":{"line":32,"column":35},"end":{"line":32,"column":51}},"type":"default-arg","locations":[{"start":{"line":32,"column":47},"end":{"line":32,"column":51}}],"line":32},"2":{"loc":{"start":{"line":32,"column":53},"end":{"line":32,"column":74}},"type":"default-arg","locations":[{"start":{"line":32,"column":70},"end":{"line":32,"column":74}}],"line":32},"3":{"loc":{"start":{"line":33,"column":2},"end":{"line":35,"column":3}},"type":"if","locations":[{"start":{"line":33,"column":2},"end":{"line":35,"column":3}},{"start":{},"end":{}}],"line":33},"4":{"loc":{"start":{"line":37,"column":27},"end":{"line":37,"column":113}},"type":"cond-expr","locations":[{"start":{"line":37,"column":39},"end":{"line":37,"column":108}},{"start":{"line":37,"column":111},"end":{"line":37,"column":113}}],"line":37},"5":{"loc":{"start":{"line":38,"column":33},"end":{"line":38,"column":107}},"type":"cond-expr","locations":[{"start":{"line":38,"column":50},"end":{"line":38,"column":102}},{"start":{"line":38,"column":105},"end":{"line":38,"column":107}}],"line":38},"6":{"loc":{"start":{"line":65,"column":49},"end":{"line":65,"column":65}},"type":"default-arg","locations":[{"start":{"line":65,"column":61},"end":{"line":65,"column":65}}],"line":65},"7":{"loc":{"start":{"line":65,"column":67},"end":{"line":65,"column":88}},"type":"default-arg","locations":[{"start":{"line":65,"column":84},"end":{"line":65,"column":88}}],"line":65},"8":{"loc":{"start":{"line":70,"column":2},"end":{"line":73,"column":3}},"type":"if","locations":[{"start":{"line":70,"column":2},"end":{"line":73,"column":3}},{"start":{},"end":{}}],"line":70},"9":{"loc":{"start":{"line":97,"column":55},"end":{"line":97,"column":71}},"type":"default-arg","locations":[{"start":{"line":97,"column":67},"end":{"line":97,"column":71}}],"line":97},"10":{"loc":{"start":{"line":97,"column":73},"end":{"line":97,"column":94}},"type":"default-arg","locations":[{"start":{"line":97,"column":90},"end":{"line":97,"column":94}}],"line":97},"11":{"loc":{"start":{"line":99,"column":2},"end":{"line":102,"column":3}},"type":"if","locations":[{"start":{"line":99,"column":2},"end":{"line":102,"column":3}},{"start":{},"end":{}}],"line":99}},"s":{"0":1,"1":1,"2":1,"3":1,"4":1,"5":1,"6":2,"7":1,"8":1,"9":1,"10":1,"11":1,"12":0,"13":0,"14":0,"15":0,"16":0,"17":0,"18":0,"19":0,"20":1,"21":1,"22":1,"23":1,"24":1,"25":0,"26":0,"27":0,"28":0,"29":0,"30":0,"31":0,"32":0,"33":1,"34":1,"35":0,"36":0,"37":0,"38":0,"39":0,"40":0,"41":0,"42":0,"43":1},"f":{"0":2,"1":1,"2":1,"3":1},"b":{"0":[1,1],"1":[1],"2":[1],"3":[1,0],"4":[0,0],"5":[0,0],"6":[1],"7":[1],"8":[1,0],"9":[1],"10":[1],"11":[1,0]},"_coverageSchema":"1a1c01bbd47fc00a2c39e90264f33305004495a9","hash":"6b9ee577ac1eedb9ff12834a8007811c414566ec"}
,"/Users/martin/Desktop/projects/2023_COMS4156/content_ranker/content_ranker.js": {"path":"/Users/martin/Desktop/projects/2023_COMS4156/content_ranker/content_ranker.js","statementMap":{"0":{"start":{"line":1,"column":15},"end":{"line":1,"column":54}},"1":{"start":{"line":2,"column":23},"end":{"line":2,"column":66}},"2":{"start":{"line":3,"column":25},"end":{"line":3,"column":80}},"3":{"start":{"line":4,"column":13},"end":{"line":4,"column":30}},"4":{"start":{"line":7,"column":19},"end":{"line":7,"column":41}},"5":{"start":{"line":10,"column":12},"end":{"line":12,"column":2}},"6":{"start":{"line":20,"column":2},"end":{"line":27,"column":3}},"7":{"start":{"line":21,"column":21},"end":{"line":21,"column":54}},"8":{"start":{"line":22,"column":4},"end":{"line":22,"column":20}},"9":{"start":{"line":24,"column":4},"end":{"line":24,"column":71}},"10":{"start":{"line":26,"column":4},"end":{"line":26,"column":16}},"11":{"start":{"line":38,"column":2},"end":{"line":38,"column":68}},"12":{"start":{"line":49,"column":2},"end":{"line":60,"column":3}},"13":{"start":{"line":50,"column":4},"end":{"line":52,"column":5}},"14":{"start":{"line":51,"column":6},"end":{"line":51,"column":58}},"15":{"start":{"line":53,"column":26},"end":{"line":53,"column":54}},"16":{"start":{"line":54,"column":24},"end":{"line":54,"column":74}},"17":{"start":{"line":55,"column":26},"end":{"line":55,"column":63}},"18":{"start":{"line":56,"column":4},"end":{"line":56,"column":59}},"19":{"start":{"line":58,"column":4},"end":{"line":58,"column":62}},"20":{"start":{"line":59,"column":4},"end":{"line":59,"column":16}},"21":{"start":{"line":65,"column":14},"end":{"line":65,"column":15}},"22":{"start":{"line":66,"column":2},"end":{"line":68,"column":5}},"23":{"start":{"line":67,"column":4},"end":{"line":67,"column":49}},"24":{"start":{"line":69,"column":2},"end":{"line":69,"column":15}},"25":{"start":{"line":78,"column":2},"end":{"line":95,"column":3}},"26":{"start":{"line":79,"column":19},"end":{"line":79,"column":412}},"27":{"start":{"line":80,"column":28},"end":{"line":80,"column":76}},"28":{"start":{"line":81,"column":22},"end":{"line":81,"column":56}},"29":{"start":{"line":82,"column":27},"end":{"line":82,"column":72}},"30":{"start":{"line":82,"column":60},"end":{"line":82,"column":71}},"31":{"start":{"line":83,"column":4},"end":{"line":83,"column":50}},"32":{"start":{"line":84,"column":4},"end":{"line":87,"column":6}},"33":{"start":{"line":85,"column":56},"end":{"line":85,"column":67}},"34":{"start":{"line":89,"column":4},"end":{"line":89,"column":76}},"35":{"start":{"line":91,"column":4},"end":{"line":94,"column":6}},"36":{"start":{"line":92,"column":56},"end":{"line":92,"column":67}},"37":{"start":{"line":93,"column":57},"end":{"line":93,"column":68}},"38":{"start":{"line":105,"column":16},"end":{"line":105,"column":39}},"39":{"start":{"line":106,"column":14},"end":{"line":106,"column":15}},"40":{"start":{"line":107,"column":2},"end":{"line":109,"column":5}},"41":{"start":{"line":108,"column":4},"end":{"line":108,"column":28}},"42":{"start":{"line":108,"column":20},"end":{"line":108,"column":28}},"43":{"start":{"line":110,"column":2},"end":{"line":110,"column":15}},"44":{"start":{"line":120,"column":14},"end":{"line":120,"column":15}},"45":{"start":{"line":121,"column":2},"end":{"line":123,"column":5}},"46":{"start":{"line":122,"column":4},"end":{"line":122,"column":49}},"47":{"start":{"line":127,"column":20},"end":{"line":127,"column":45}},"48":{"start":{"line":129,"column":2},"end":{"line":129,"column":27}},"49":{"start":{"line":140,"column":25},"end":{"line":148,"column":5}},"50":{"start":{"line":141,"column":31},"end":{"line":141,"column":94}},"51":{"start":{"line":142,"column":27},"end":{"line":142,"column":67}},"52":{"start":{"line":143,"column":4},"end":{"line":143,"column":91}},"53":{"start":{"line":144,"column":4},"end":{"line":147,"column":6}},"54":{"start":{"line":150,"column":2},"end":{"line":150,"column":74}},"55":{"start":{"line":150,"column":39},"end":{"line":150,"column":72}},"56":{"start":{"line":159,"column":2},"end":{"line":159,"column":73}},"57":{"start":{"line":160,"column":29},"end":{"line":160,"column":68}},"58":{"start":{"line":161,"column":2},"end":{"line":161,"column":44}},"59":{"start":{"line":162,"column":28},"end":{"line":162,"column":60}},"60":{"start":{"line":163,"column":2},"end":{"line":163,"column":22}},"61":{"start":{"line":164,"column":2},"end":{"line":164,"column":41}},"62":{"start":{"line":165,"column":17},"end":{"line":165,"column":80}},"63":{"start":{"line":166,"column":2},"end":{"line":166,"column":22}},"64":{"start":{"line":167,"column":2},"end":{"line":167,"column":27}},"65":{"start":{"line":170,"column":0},"end":{"line":179,"column":2}}},"fnMap":{"0":{"name":"getEmbeddings","decl":{"start":{"line":19,"column":15},"end":{"line":19,"column":28}},"loc":{"start":{"line":19,"column":35},"end":{"line":29,"column":1}},"line":19},"1":{"name":"cosineSimilarity","decl":{"start":{"line":37,"column":9},"end":{"line":37,"column":25}},"loc":{"start":{"line":37,"column":38},"end":{"line":39,"column":1}},"line":37},"2":{"name":"combinedScore","decl":{"start":{"line":48,"column":15},"end":{"line":48,"column":28}},"loc":{"start":{"line":48,"column":73},"end":{"line":62,"column":1}},"line":48},"3":{"name":"fallbackScore","decl":{"start":{"line":64,"column":9},"end":{"line":64,"column":22}},"loc":{"start":{"line":64,"column":48},"end":{"line":70,"column":1}},"line":64},"4":{"name":"(anonymous_4)","decl":{"start":{"line":66,"column":25},"end":{"line":66,"column":26}},"loc":{"start":{"line":66,"column":33},"end":{"line":68,"column":3}},"line":66},"5":{"name":"generateRelatedWords","decl":{"start":{"line":76,"column":15},"end":{"line":76,"column":35}},"loc":{"start":{"line":76,"column":49},"end":{"line":97,"column":1}},"line":76},"6":{"name":"(anonymous_6)","decl":{"start":{"line":82,"column":52},"end":{"line":82,"column":53}},"loc":{"start":{"line":82,"column":60},"end":{"line":82,"column":71}},"line":82},"7":{"name":"(anonymous_7)","decl":{"start":{"line":85,"column":48},"end":{"line":85,"column":49}},"loc":{"start":{"line":85,"column":56},"end":{"line":85,"column":67}},"line":85},"8":{"name":"(anonymous_8)","decl":{"start":{"line":92,"column":48},"end":{"line":92,"column":49}},"loc":{"start":{"line":92,"column":56},"end":{"line":92,"column":67}},"line":92},"9":{"name":"(anonymous_9)","decl":{"start":{"line":93,"column":49},"end":{"line":93,"column":50}},"loc":{"start":{"line":93,"column":57},"end":{"line":93,"column":68}},"line":93},"10":{"name":"countWordOccurrences","decl":{"start":{"line":104,"column":9},"end":{"line":104,"column":29}},"loc":{"start":{"line":104,"column":45},"end":{"line":111,"column":1}},"line":104},"11":{"name":"(anonymous_11)","decl":{"start":{"line":107,"column":16},"end":{"line":107,"column":17}},"loc":{"start":{"line":107,"column":23},"end":{"line":109,"column":3}},"line":107},"12":{"name":"scoreContent","decl":{"start":{"line":119,"column":9},"end":{"line":119,"column":21}},"loc":{"start":{"line":119,"column":47},"end":{"line":130,"column":1}},"line":119},"13":{"name":"(anonymous_13)","decl":{"start":{"line":121,"column":25},"end":{"line":121,"column":26}},"loc":{"start":{"line":121,"column":35},"end":{"line":123,"column":3}},"line":121},"14":{"name":"rankContents","decl":{"start":{"line":139,"column":15},"end":{"line":139,"column":27}},"loc":{"start":{"line":139,"column":73},"end":{"line":151,"column":1}},"line":139},"15":{"name":"(anonymous_15)","decl":{"start":{"line":140,"column":56},"end":{"line":140,"column":57}},"loc":{"start":{"line":140,"column":75},"end":{"line":148,"column":3}},"line":140},"16":{"name":"(anonymous_16)","decl":{"start":{"line":150,"column":29},"end":{"line":150,"column":30}},"loc":{"start":{"line":150,"column":39},"end":{"line":150,"column":72}},"line":150},"17":{"name":"getTopContent","decl":{"start":{"line":158,"column":15},"end":{"line":158,"column":28}},"loc":{"start":{"line":158,"column":52},"end":{"line":168,"column":1}},"line":158}},"branchMap":{"0":{"loc":{"start":{"line":50,"column":4},"end":{"line":52,"column":5}},"type":"if","locations":[{"start":{"line":50,"column":4},"end":{"line":52,"column":5}},{"start":{},"end":{}}],"line":50},"1":{"loc":{"start":{"line":108,"column":4},"end":{"line":108,"column":28}},"type":"if","locations":[{"start":{"line":108,"column":4},"end":{"line":108,"column":28}},{"start":{},"end":{}}],"line":108}},"s":{"0":4,"1":4,"2":4,"3":4,"4":4,"5":4,"6":8,"7":8,"8":6,"9":2,"10":2,"11":5,"12":8,"13":8,"14":4,"15":4,"16":4,"17":4,"18":4,"19":0,"20":0,"21":4,"22":4,"23":8,"24":4,"25":3,"26":3,"27":3,"28":3,"29":2,"30":57,"31":2,"32":2,"33":5,"34":1,"35":1,"36":3,"37":3,"38":97,"39":97,"40":97,"41":484,"42":7,"43":97,"44":4,"45":4,"46":88,"47":4,"48":4,"49":2,"50":6,"51":6,"52":6,"53":6,"54":2,"55":5,"56":1,"57":1,"58":1,"59":1,"60":1,"61":1,"62":1,"63":1,"64":1,"65":4},"f":{"0":8,"1":5,"2":8,"3":4,"4":8,"5":3,"6":57,"7":5,"8":3,"9":3,"10":97,"11":484,"12":4,"13":88,"14":2,"15":6,"16":5,"17":1},"b":{"0":[4,4],"1":[7,477]},"_coverageSchema":"1a1c01bbd47fc00a2c39e90264f33305004495a9","hash":"4b05942b8da2a42b8292b0a5b55a91ce6bbe4c7c"}
}
