TN:
SF:content_optimizer/llm.js
FN:17,atomChat
FN:32,summarizeText
FN:64,summarizePubmedOutput
FN:76,(anonymous_3)
FN:98,summarizeWikipediaOutput
FNF:5
FNH:5
FNDA:2,atomChat
FNDA:7,summarizeText
FNDA:3,summarizePubmedOutput
FNDA:3,(anonymous_3)
FNDA:2,summarizeWikipediaOutput
DA:1,1
DA:2,1
DA:3,1
DA:5,1
DA:8,1
DA:18,2
DA:19,1
DA:21,1
DA:22,1
DA:33,7
DA:34,1
DA:37,6
DA:39,6
DA:40,6
DA:47,6
DA:51,6
DA:52,6
DA:55,6
DA:65,3
DA:66,3
DA:68,3
DA:69,3
DA:71,1
DA:75,2
DA:76,3
DA:77,1
DA:79,2
DA:80,2
DA:82,2
DA:88,1
DA:89,1
DA:100,2
DA:102,1
DA:105,1
DA:106,1
DA:108,1
DA:109,2
DA:111,2
DA:117,1
DA:118,1
DA:121,1
LF:41
LH:41
BRDA:18,0,0,1
BRDA:18,0,1,1
BRDA:32,1,0,2
BRDA:33,2,0,1
BRDA:33,2,1,6
BRDA:37,3,0,1
BRDA:37,3,1,5
BRDA:64,4,0,3
BRDA:69,5,0,1
BRDA:69,5,1,2
BRDA:76,6,0,1
BRDA:76,6,1,2
BRDA:76,7,0,3
BRDA:76,7,1,2
BRDA:98,8,0,2
BRDA:100,9,0,1
BRDA:100,9,1,1
BRF:17
BRH:17
end_of_record
