TN:
SF:client_info_mgt/client_info_mgt.js
FN:5,(anonymous_0)
FN:20,(anonymous_1)
FN:46,(anonymous_2)
FN:74,(anonymous_3)
FN:75,(anonymous_4)
FN:78,(anonymous_5)
FN:91,(anonymous_6)
FN:92,(anonymous_7)
FN:93,(anonymous_8)
FN:110,(anonymous_9)
FNF:10
FNH:10
FNDA:1,(anonymous_0)
FNDA:6,(anonymous_1)
FNDA:1,(anonymous_2)
FNDA:6,(anonymous_3)
FNDA:6,(anonymous_4)
FNDA:6,(anonymous_5)
FNDA:8,(anonymous_6)
FNDA:8,(anonymous_7)
FNDA:8,(anonymous_8)
FNDA:5,(anonymous_9)
DA:1,1
DA:2,1
DA:5,1
DA:6,1
DA:20,1
DA:22,6
DA:24,6
DA:31,6
DA:33,6
DA:34,6
DA:35,6
DA:46,1
DA:47,1
DA:48,1
DA:50,1
DA:59,1
DA:60,1
DA:61,1
DA:74,1
DA:75,6
DA:76,6
DA:79,6
DA:91,1
DA:92,8
DA:93,8
DA:94,8
DA:110,1
DA:111,5
DA:116,5
DA:117,5
DA:118,5
DA:120,0
DA:123,5
DA:125,0
DA:126,0
DA:129,5
DA:131,5
DA:135,1
LF:38
LH:35
BRDA:116,0,0,5
BRDA:116,0,1,0
BRDA:117,1,0,5
BRDA:117,1,1,0
BRF:4
BRH:2
end_of_record
TN:
SF:content_fetcher/pubmed.js
FN:20,(anonymous_0)
FN:39,(anonymous_1)
FN:40,(anonymous_2)
FN:69,(anonymous_3)
FN:87,(anonymous_4)
FN:88,(anonymous_5)
FN:117,(anonymous_6)
FN:122,fetchAbstracts
FN:125,(anonymous_8)
FNF:9
FNH:9
FNDA:9,(anonymous_0)
FNDA:9,(anonymous_1)
FNDA:9,(anonymous_2)
FNDA:21,(anonymous_3)
FNDA:21,(anonymous_4)
FNDA:21,(anonymous_5)
FNDA:4,(anonymous_6)
FNDA:4,fetchAbstracts
FNDA:20,(anonymous_8)
DA:2,2
DA:20,2
DA:22,9
DA:23,9
DA:24,9
DA:25,9
DA:26,9
DA:28,9
DA:38,9
DA:39,9
DA:41,9
DA:42,9
DA:44,9
DA:45,9
DA:48,9
DA:49,42
DA:51,9
DA:69,2
DA:70,21
DA:71,21
DA:72,21
DA:73,21
DA:74,21
DA:76,21
DA:86,21
DA:87,21
DA:89,21
DA:90,21
DA:91,21
DA:93,21
DA:94,21
DA:95,81
DA:96,81
DA:97,81
DA:99,21
DA:117,2
DA:118,4
DA:119,4
DA:123,4
DA:125,20
DA:126,20
DA:127,20
DA:128,20
DA:131,4
DA:132,4
DA:133,4
DA:136,2
LF:47
LH:47
BRDA:20,0,0,1
BRDA:117,1,0,1
BRF:2
BRH:2
end_of_record
TN:
SF:content_fetcher/wikipedia.js
FN:1,fetchWikipediaData
FN:19,(anonymous_1)
FNF:2
FNH:2
FNDA:7,fetchWikipediaData
FNDA:32,(anonymous_1)
DA:2,7
DA:4,7
DA:5,1
DA:6,1
DA:9,6
DA:10,6
DA:11,6
DA:12,5
DA:14,5
DA:15,1
DA:16,1
DA:19,32
DA:21,4
DA:22,4
DA:23,4
DA:25,4
DA:26,4
DA:28,4
DA:29,32
DA:34,4
DA:35,4
DA:37,1
DA:38,1
DA:42,1
LF:24
LH:24
BRDA:1,0,0,0
BRDA:4,1,0,1
BRDA:4,1,1,6
BRDA:14,2,0,1
BRDA:14,2,1,4
BRDA:14,3,0,5
BRDA:14,3,1,5
BRDA:14,3,2,5
BRF:8
BRH:7
end_of_record
TN:
SF:content_optimizer/llm.js
FN:17,atomChat
FN:32,summarizeText
FN:65,summarizePubmedOutput
FN:97,summarizeWikipediaOutput
FNF:4
FNH:4
FNDA:2,atomChat
FNDA:1,summarizeText
FNDA:1,summarizePubmedOutput
FNDA:1,summarizeWikipediaOutput
DA:1,1
DA:2,1
DA:3,1
DA:5,1
DA:8,1
DA:18,2
DA:19,1
DA:21,1
DA:22,1
DA:33,1
DA:34,1
DA:37,0
DA:38,0
DA:40,0
DA:41,0
DA:48,0
DA:52,0
DA:53,0
DA:56,0
DA:66,1
DA:67,1
DA:69,1
DA:70,1
DA:72,1
DA:76,0
DA:77,0
DA:78,0
DA:79,0
DA:81,0
DA:87,0
DA:88,0
DA:99,1
DA:101,1
DA:104,0
DA:105,0
DA:107,0
DA:108,0
DA:109,0
DA:111,0
DA:117,0
DA:118,0
DA:121,1
LF:42
LH:19
BRDA:18,0,0,1
BRDA:18,0,1,1
BRDA:32,1,0,1
BRDA:32,2,0,1
BRDA:33,3,0,1
BRDA:33,3,1,0
BRDA:37,4,0,0
BRDA:37,4,1,0
BRDA:38,5,0,0
BRDA:38,5,1,0
BRDA:65,6,0,1
BRDA:65,7,0,1
BRDA:70,8,0,1
BRDA:70,8,1,0
BRDA:97,9,0,1
BRDA:97,10,0,1
BRDA:99,11,0,1
BRDA:99,11,1,0
BRF:18
BRH:11
end_of_record
TN:
SF:content_ranker/content_ranker.js
FN:19,getEmbeddings
FN:37,cosineSimilarity
FN:48,combinedScore
FN:64,fallbackScore
FN:66,(anonymous_4)
FN:76,generateRelatedWords
FN:82,(anonymous_6)
FN:85,(anonymous_7)
FN:92,(anonymous_8)
FN:93,(anonymous_9)
FN:104,countWordOccurrences
FN:107,(anonymous_11)
FN:119,scoreContent
FN:121,(anonymous_13)
FN:139,rankContents
FN:140,(anonymous_15)
FN:150,(anonymous_16)
FN:158,getTopContent
FNF:18
FNH:18
FNDA:8,getEmbeddings
FNDA:5,cosineSimilarity
FNDA:8,combinedScore
FNDA:4,fallbackScore
FNDA:8,(anonymous_4)
FNDA:3,generateRelatedWords
FNDA:65,(anonymous_6)
FNDA:7,(anonymous_7)
FNDA:3,(anonymous_8)
FNDA:3,(anonymous_9)
FNDA:121,countWordOccurrences
FNDA:604,(anonymous_11)
FNDA:4,scoreContent
FNDA:112,(anonymous_13)
FNDA:2,rankContents
FNDA:6,(anonymous_15)
FNDA:6,(anonymous_16)
FNDA:1,getTopContent
DA:1,4
DA:2,4
DA:3,4
DA:4,4
DA:7,4
DA:10,4
DA:20,8
DA:21,8
DA:22,6
DA:24,2
DA:26,2
DA:38,5
DA:49,8
DA:50,8
DA:51,4
DA:53,4
DA:54,4
DA:55,4
DA:56,4
DA:58,0
DA:59,0
DA:65,4
DA:66,4
DA:67,8
DA:69,4
DA:78,3
DA:79,3
DA:80,3
DA:81,3
DA:82,65
DA:83,2
DA:84,2
DA:85,7
DA:89,1
DA:91,1
DA:92,3
DA:93,3
DA:105,121
DA:106,121
DA:107,121
DA:108,604
DA:110,121
DA:120,4
DA:121,4
DA:122,112
DA:127,4
DA:129,4
DA:140,2
DA:141,6
DA:142,6
DA:143,6
DA:144,6
DA:150,6
DA:159,1
DA:160,1
DA:161,1
DA:162,1
DA:163,1
DA:164,1
DA:165,1
DA:166,1
DA:167,1
DA:170,4
LF:63
LH:61
BRDA:50,0,0,4
BRDA:50,0,1,4
BRDA:108,1,0,7
BRDA:108,1,1,597
BRF:4
BRH:4
end_of_record
