{"/Users/wuyu/Desktop/4156/2023_COMS4156/content_fetcher/pubmed.js": {"path":"/Users/wuyu/Desktop/4156/2023_COMS4156/content_fetcher/pubmed.js","statementMap":{"0":{"start":{"line":2,"column":22},"end":{"line":2,"column":39}},"1":{"start":{"line":20,"column":24},"end":{"line":44,"column":1}},"2":{"start":{"line":21,"column":21},"end":{"line":21,"column":82}},"3":{"start":{"line":22,"column":17},"end":{"line":22,"column":25}},"4":{"start":{"line":23,"column":19},"end":{"line":23,"column":30}},"5":{"start":{"line":24,"column":21},"end":{"line":24,"column":29}},"6":{"start":{"line":25,"column":26},"end":{"line":25,"column":31}},"7":{"start":{"line":26,"column":16},"end":{"line":26,"column":128}},"8":{"start":{"line":29,"column":4},"end":{"line":43,"column":11}},"9":{"start":{"line":30,"column":28},"end":{"line":30,"column":43}},"10":{"start":{"line":32,"column":27},"end":{"line":32,"column":42}},"11":{"start":{"line":33,"column":27},"end":{"line":33,"column":69}},"12":{"start":{"line":35,"column":28},"end":{"line":35,"column":61}},"13":{"start":{"line":36,"column":28},"end":{"line":36,"column":30}},"14":{"start":{"line":39,"column":12},"end":{"line":41,"column":13}},"15":{"start":{"line":39,"column":25},"end":{"line":39,"column":26}},"16":{"start":{"line":40,"column":16},"end":{"line":40,"column":65}},"17":{"start":{"line":42,"column":12},"end":{"line":42,"column":27}},"18":{"start":{"line":61,"column":24},"end":{"line":86,"column":1}},"19":{"start":{"line":62,"column":21},"end":{"line":62,"column":81}},"20":{"start":{"line":63,"column":15},"end":{"line":63,"column":19}},"21":{"start":{"line":64,"column":20},"end":{"line":64,"column":30}},"22":{"start":{"line":65,"column":21},"end":{"line":65,"column":29}},"23":{"start":{"line":66,"column":26},"end":{"line":66,"column":31}},"24":{"start":{"line":67,"column":16},"end":{"line":67,"column":126}},"25":{"start":{"line":70,"column":4},"end":{"line":84,"column":11}},"26":{"start":{"line":71,"column":28},"end":{"line":71,"column":43}},"27":{"start":{"line":73,"column":27},"end":{"line":73,"column":42}},"28":{"start":{"line":74,"column":27},"end":{"line":74,"column":69}},"29":{"start":{"line":75,"column":34},"end":{"line":75,"column":36}},"30":{"start":{"line":77,"column":29},"end":{"line":77,"column":72}},"31":{"start":{"line":78,"column":12},"end":{"line":82,"column":13}},"32":{"start":{"line":78,"column":25},"end":{"line":78,"column":26}},"33":{"start":{"line":79,"column":32},"end":{"line":79,"column":43}},"34":{"start":{"line":80,"column":36},"end":{"line":80,"column":76}},"35":{"start":{"line":81,"column":16},"end":{"line":81,"column":48}},"36":{"start":{"line":83,"column":12},"end":{"line":83,"column":33}},"37":{"start":{"line":103,"column":29},"end":{"line":120,"column":1}},"38":{"start":{"line":104,"column":19},"end":{"line":104,"column":63}},"39":{"start":{"line":105,"column":21},"end":{"line":105,"column":23}},"40":{"start":{"line":109,"column":8},"end":{"line":115,"column":9}},"41":{"start":{"line":109,"column":21},"end":{"line":109,"column":22}},"42":{"start":{"line":111,"column":12},"end":{"line":111,"column":67}},"43":{"start":{"line":111,"column":41},"end":{"line":111,"column":65}},"44":{"start":{"line":112,"column":12},"end":{"line":112,"column":68}},"45":{"start":{"line":113,"column":28},"end":{"line":113,"column":60}},"46":{"start":{"line":114,"column":12},"end":{"line":114,"column":35}},"47":{"start":{"line":117,"column":4},"end":{"line":117,"column":27}},"48":{"start":{"line":118,"column":4},"end":{"line":118,"column":23}},"49":{"start":{"line":119,"column":4},"end":{"line":119,"column":20}},"50":{"start":{"line":122,"column":0},"end":{"line":126,"column":2}}},"fnMap":{"0":{"name":"(anonymous_0)","decl":{"start":{"line":20,"column":24},"end":{"line":20,"column":25}},"loc":{"start":{"line":20,"column":57},"end":{"line":44,"column":1}},"line":20},"1":{"name":"(anonymous_1)","decl":{"start":{"line":30,"column":14},"end":{"line":30,"column":15}},"loc":{"start":{"line":30,"column":28},"end":{"line":30,"column":43}},"line":30},"2":{"name":"(anonymous_2)","decl":{"start":{"line":31,"column":14},"end":{"line":31,"column":15}},"loc":{"start":{"line":31,"column":26},"end":{"line":43,"column":9}},"line":31},"3":{"name":"(anonymous_3)","decl":{"start":{"line":61,"column":24},"end":{"line":61,"column":25}},"loc":{"start":{"line":61,"column":40},"end":{"line":86,"column":1}},"line":61},"4":{"name":"(anonymous_4)","decl":{"start":{"line":71,"column":14},"end":{"line":71,"column":15}},"loc":{"start":{"line":71,"column":28},"end":{"line":71,"column":43}},"line":71},"5":{"name":"(anonymous_5)","decl":{"start":{"line":72,"column":14},"end":{"line":72,"column":15}},"loc":{"start":{"line":72,"column":26},"end":{"line":84,"column":9}},"line":72},"6":{"name":"(anonymous_6)","decl":{"start":{"line":103,"column":29},"end":{"line":103,"column":30}},"loc":{"start":{"line":103,"column":72},"end":{"line":120,"column":1}},"line":103},"7":{"name":"fetchAbstracts","decl":{"start":{"line":108,"column":19},"end":{"line":108,"column":33}},"loc":{"start":{"line":108,"column":36},"end":{"line":116,"column":5}},"line":108},"8":{"name":"(anonymous_8)","decl":{"start":{"line":111,"column":30},"end":{"line":111,"column":31}},"loc":{"start":{"line":111,"column":41},"end":{"line":111,"column":65}},"line":111}},"branchMap":{"0":{"loc":{"start":{"line":80,"column":36},"end":{"line":80,"column":76}},"type":"binary-expr","locations":[{"start":{"line":80,"column":36},"end":{"line":80,"column":55}},{"start":{"line":80,"column":59},"end":{"line":80,"column":76}}],"line":80},"1":{"loc":{"start":{"line":103,"column":55},"end":{"line":103,"column":70}},"type":"default-arg","locations":[{"start":{"line":103,"column":69},"end":{"line":103,"column":70}}],"line":103}},"s":{"0":2,"1":2,"2":7,"3":7,"4":7,"5":7,"6":7,"7":7,"8":7,"9":7,"10":7,"11":7,"12":7,"13":7,"14":7,"15":7,"16":32,"17":7,"18":2,"19":16,"20":16,"21":16,"22":16,"23":16,"24":16,"25":16,"26":16,"27":16,"28":16,"29":16,"30":16,"31":16,"32":16,"33":54,"34":54,"35":54,"36":16,"37":2,"38":3,"39":3,"40":3,"41":3,"42":15,"43":15,"44":15,"45":15,"46":15,"47":3,"48":3,"49":3,"50":2},"f":{"0":7,"1":7,"2":7,"3":16,"4":16,"5":16,"6":3,"7":3,"8":15},"b":{"0":[54,0],"1":[0]},"_coverageSchema":"1a1c01bbd47fc00a2c39e90264f33305004495a9","hash":"3904b97782e43b3abd2fa516a2aec0f41c9d100a"}
,"/Users/wuyu/Desktop/4156/2023_COMS4156/content_fetcher/wikipedia.js": {"path":"/Users/wuyu/Desktop/4156/2023_COMS4156/content_fetcher/wikipedia.js","statementMap":{"0":{"start":{"line":2,"column":4},"end":{"line":2,"column":49}},"1":{"start":{"line":4,"column":4},"end":{"line":7,"column":5}},"2":{"start":{"line":5,"column":8},"end":{"line":5,"column":59}},"3":{"start":{"line":6,"column":8},"end":{"line":6,"column":18}},"4":{"start":{"line":9,"column":4},"end":{"line":39,"column":5}},"5":{"start":{"line":10,"column":26},"end":{"line":10,"column":149}},"6":{"start":{"line":11,"column":31},"end":{"line":11,"column":53}},"7":{"start":{"line":12,"column":27},"end":{"line":12,"column":54}},"8":{"start":{"line":14,"column":8},"end":{"line":17,"column":9}},"9":{"start":{"line":15,"column":12},"end":{"line":15,"column":44}},"10":{"start":{"line":16,"column":12},"end":{"line":16,"column":22}},"11":{"start":{"line":19,"column":24},"end":{"line":19,"column":108}},"12":{"start":{"line":19,"column":84},"end":{"line":19,"column":97}},"13":{"start":{"line":21,"column":27},"end":{"line":21,"column":150}},"14":{"start":{"line":22,"column":32},"end":{"line":22,"column":55}},"15":{"start":{"line":23,"column":28},"end":{"line":23,"column":56}},"16":{"start":{"line":25,"column":22},"end":{"line":25,"column":45}},"17":{"start":{"line":26,"column":24},"end":{"line":26,"column":26}},"18":{"start":{"line":28,"column":8},"end":{"line":33,"column":9}},"19":{"start":{"line":29,"column":12},"end":{"line":32,"column":15}},"20":{"start":{"line":34,"column":8},"end":{"line":34,"column":28}},"21":{"start":{"line":35,"column":8},"end":{"line":35,"column":23}},"22":{"start":{"line":37,"column":8},"end":{"line":37,"column":53}},"23":{"start":{"line":38,"column":8},"end":{"line":38,"column":18}},"24":{"start":{"line":42,"column":0},"end":{"line":44,"column":2}}},"fnMap":{"0":{"name":"fetchWikipediaData","decl":{"start":{"line":1,"column":15},"end":{"line":1,"column":33}},"loc":{"start":{"line":1,"column":61},"end":{"line":40,"column":1}},"line":1},"1":{"name":"(anonymous_1)","decl":{"start":{"line":19,"column":74},"end":{"line":19,"column":75}},"loc":{"start":{"line":19,"column":84},"end":{"line":19,"column":97}},"line":19}},"branchMap":{"0":{"loc":{"start":{"line":1,"column":44},"end":{"line":1,"column":59}},"type":"default-arg","locations":[{"start":{"line":1,"column":58},"end":{"line":1,"column":59}}],"line":1},"1":{"loc":{"start":{"line":4,"column":4},"end":{"line":7,"column":5}},"type":"if","locations":[{"start":{"line":4,"column":4},"end":{"line":7,"column":5}},{"start":{},"end":{}}],"line":4},"2":{"loc":{"start":{"line":14,"column":8},"end":{"line":17,"column":9}},"type":"if","locations":[{"start":{"line":14,"column":8},"end":{"line":17,"column":9}},{"start":{},"end":{}}],"line":14},"3":{"loc":{"start":{"line":14,"column":12},"end":{"line":14,"column":97}},"type":"binary-expr","locations":[{"start":{"line":14,"column":12},"end":{"line":14,"column":29}},{"start":{"line":14,"column":33},"end":{"line":14,"column":57}},{"start":{"line":14,"column":61},"end":{"line":14,"column":97}}],"line":14}},"s":{"0":7,"1":7,"2":1,"3":1,"4":6,"5":6,"6":6,"7":5,"8":5,"9":1,"10":1,"11":4,"12":32,"13":4,"14":4,"15":4,"16":4,"17":4,"18":4,"19":32,"20":4,"21":4,"22":1,"23":1,"24":2},"f":{"0":7,"1":32},"b":{"0":[0],"1":[1,6],"2":[1,4],"3":[5,5,5]},"_coverageSchema":"1a1c01bbd47fc00a2c39e90264f33305004495a9","hash":"0e7fe41500b57278b284794b106f35061b0fd2f3"}
,"/Users/wuyu/Desktop/4156/2023_COMS4156/content_ranker/content_ranker.js": {"path":"/Users/wuyu/Desktop/4156/2023_COMS4156/content_ranker/content_ranker.js","statementMap":{"0":{"start":{"line":1,"column":15},"end":{"line":1,"column":54}},"1":{"start":{"line":2,"column":23},"end":{"line":2,"column":66}},"2":{"start":{"line":3,"column":12},"end":{"line":5,"column":2}},"3":{"start":{"line":10,"column":19},"end":{"line":13,"column":90}},"4":{"start":{"line":15,"column":28},"end":{"line":17,"column":6}},"5":{"start":{"line":19,"column":22},"end":{"line":19,"column":56}},"6":{"start":{"line":24,"column":27},"end":{"line":24,"column":72}},"7":{"start":{"line":24,"column":60},"end":{"line":24,"column":71}},"8":{"start":{"line":25,"column":4},"end":{"line":25,"column":50}},"9":{"start":{"line":26,"column":4},"end":{"line":29,"column":6}},"10":{"start":{"line":27,"column":58},"end":{"line":27,"column":69}},"11":{"start":{"line":34,"column":18},"end":{"line":34,"column":41}},"12":{"start":{"line":35,"column":16},"end":{"line":35,"column":17}},"13":{"start":{"line":36,"column":4},"end":{"line":38,"column":7}},"14":{"start":{"line":37,"column":8},"end":{"line":37,"column":32}},"15":{"start":{"line":37,"column":24},"end":{"line":37,"column":32}},"16":{"start":{"line":39,"column":4},"end":{"line":39,"column":17}},"17":{"start":{"line":43,"column":16},"end":{"line":43,"column":17}},"18":{"start":{"line":44,"column":4},"end":{"line":46,"column":7}},"19":{"start":{"line":45,"column":8},"end":{"line":45,"column":53}},"20":{"start":{"line":47,"column":28},"end":{"line":47,"column":68}},"21":{"start":{"line":50,"column":22},"end":{"line":50,"column":47}},"22":{"start":{"line":51,"column":4},"end":{"line":51,"column":57}},"23":{"start":{"line":52,"column":4},"end":{"line":52,"column":29}},"24":{"start":{"line":57,"column":27},"end":{"line":60,"column":7}},"25":{"start":{"line":57,"column":52},"end":{"line":60,"column":5}},"26":{"start":{"line":63,"column":4},"end":{"line":63,"column":60}},"27":{"start":{"line":63,"column":41},"end":{"line":63,"column":58}},"28":{"start":{"line":68,"column":4},"end":{"line":68,"column":74}},"29":{"start":{"line":69,"column":31},"end":{"line":69,"column":70}},"30":{"start":{"line":70,"column":4},"end":{"line":70,"column":23}},"31":{"start":{"line":71,"column":4},"end":{"line":71,"column":42}},"32":{"start":{"line":72,"column":19},"end":{"line":72,"column":57}},"33":{"start":{"line":73,"column":4},"end":{"line":73,"column":23}},"34":{"start":{"line":74,"column":4},"end":{"line":74,"column":29}},"35":{"start":{"line":78,"column":0},"end":{"line":84,"column":2}}},"fnMap":{"0":{"name":"generateRelatedWords","decl":{"start":{"line":9,"column":15},"end":{"line":9,"column":35}},"loc":{"start":{"line":9,"column":49},"end":{"line":31,"column":1}},"line":9},"1":{"name":"(anonymous_1)","decl":{"start":{"line":24,"column":52},"end":{"line":24,"column":53}},"loc":{"start":{"line":24,"column":60},"end":{"line":24,"column":71}},"line":24},"2":{"name":"(anonymous_2)","decl":{"start":{"line":27,"column":50},"end":{"line":27,"column":51}},"loc":{"start":{"line":27,"column":58},"end":{"line":27,"column":69}},"line":27},"3":{"name":"countWordOccurrences","decl":{"start":{"line":33,"column":9},"end":{"line":33,"column":29}},"loc":{"start":{"line":33,"column":45},"end":{"line":40,"column":1}},"line":33},"4":{"name":"(anonymous_4)","decl":{"start":{"line":36,"column":18},"end":{"line":36,"column":19}},"loc":{"start":{"line":36,"column":23},"end":{"line":38,"column":5}},"line":36},"5":{"name":"scoreContent","decl":{"start":{"line":42,"column":9},"end":{"line":42,"column":21}},"loc":{"start":{"line":42,"column":47},"end":{"line":53,"column":1}},"line":42},"6":{"name":"(anonymous_6)","decl":{"start":{"line":44,"column":27},"end":{"line":44,"column":28}},"loc":{"start":{"line":44,"column":35},"end":{"line":46,"column":5}},"line":44},"7":{"name":"rankContents","decl":{"start":{"line":56,"column":9},"end":{"line":56,"column":21}},"loc":{"start":{"line":56,"column":48},"end":{"line":64,"column":1}},"line":56},"8":{"name":"(anonymous_8)","decl":{"start":{"line":57,"column":40},"end":{"line":57,"column":41}},"loc":{"start":{"line":57,"column":52},"end":{"line":60,"column":5}},"line":57},"9":{"name":"(anonymous_9)","decl":{"start":{"line":63,"column":31},"end":{"line":63,"column":32}},"loc":{"start":{"line":63,"column":41},"end":{"line":63,"column":58}},"line":63},"10":{"name":"getTopContent","decl":{"start":{"line":67,"column":15},"end":{"line":67,"column":28}},"loc":{"start":{"line":67,"column":52},"end":{"line":75,"column":1}},"line":67}},"branchMap":{"0":{"loc":{"start":{"line":37,"column":8},"end":{"line":37,"column":32}},"type":"if","locations":[{"start":{"line":37,"column":8},"end":{"line":37,"column":32}},{"start":{},"end":{}}],"line":37}},"s":{"0":1,"1":1,"2":1,"3":2,"4":2,"5":2,"6":2,"7":10,"8":2,"9":2,"10":6,"11":16,"12":16,"13":16,"14":2191,"15":3,"16":16,"17":3,"18":3,"19":15,"20":3,"21":3,"22":3,"23":3,"24":1,"25":3,"26":1,"27":4,"28":1,"29":1,"30":1,"31":1,"32":1,"33":1,"34":1,"35":1},"f":{"0":2,"1":10,"2":6,"3":16,"4":2191,"5":3,"6":15,"7":1,"8":3,"9":4,"10":1},"b":{"0":[3,2188]},"_coverageSchema":"1a1c01bbd47fc00a2c39e90264f33305004495a9","hash":"b6dae298a3262293ea317cfb716c840bc159d808"}
}
