TN:
SF:content_fetcher/pubmed.js
FN:20,(anonymous_0)
FN:30,(anonymous_1)
FN:31,(anonymous_2)
FN:61,(anonymous_3)
FN:71,(anonymous_4)
FN:72,(anonymous_5)
FN:103,(anonymous_6)
FN:108,fetchAbstracts
FN:111,(anonymous_8)
FNF:9
FNH:9
FNDA:7,(anonymous_0)
FNDA:7,(anonymous_1)
FNDA:7,(anonymous_2)
FNDA:16,(anonymous_3)
FNDA:16,(anonymous_4)
FNDA:16,(anonymous_5)
FNDA:3,(anonymous_6)
FNDA:3,fetchAbstracts
FNDA:15,(anonymous_8)
DA:2,2
DA:20,2
DA:21,7
DA:22,7
DA:23,7
DA:24,7
DA:25,7
DA:26,7
DA:29,7
DA:30,7
DA:32,7
DA:33,7
DA:35,7
DA:36,7
DA:39,7
DA:40,32
DA:42,7
DA:61,2
DA:62,16
DA:63,16
DA:64,16
DA:65,16
DA:66,16
DA:67,16
DA:70,16
DA:71,16
DA:73,16
DA:74,16
DA:75,16
DA:77,16
DA:78,16
DA:79,54
DA:80,54
DA:81,54
DA:83,16
DA:103,2
DA:104,3
DA:105,3
DA:109,3
DA:111,15
DA:112,15
DA:113,15
DA:114,15
DA:117,3
DA:118,3
DA:119,3
DA:122,2
LF:47
LH:47
BRDA:80,0,0,54
BRDA:80,0,1,0
BRDA:103,1,0,0
BRF:3
BRH:1
end_of_record
TN:
SF:content_fetcher/wikipedia.js
FN:1,fetchWikipediaData
FN:19,(anonymous_1)
FNF:2
FNH:2
FNDA:7,fetchWikipediaData
FNDA:32,(anonymous_1)
DA:2,7
DA:4,7
DA:5,1
DA:6,1
DA:9,6
DA:10,6
DA:11,6
DA:12,5
DA:14,5
DA:15,1
DA:16,1
DA:19,32
DA:21,4
DA:22,4
DA:23,4
DA:25,4
DA:26,4
DA:28,4
DA:29,32
DA:34,4
DA:35,4
DA:37,1
DA:38,1
DA:42,2
LF:24
LH:24
BRDA:1,0,0,0
BRDA:4,1,0,1
BRDA:4,1,1,6
BRDA:14,2,0,1
BRDA:14,2,1,4
BRDA:14,3,0,5
BRDA:14,3,1,5
BRDA:14,3,2,5
BRF:8
BRH:7
end_of_record
TN:
SF:content_ranker/content_ranker.js
FN:9,generateRelatedWords
FN:24,(anonymous_1)
FN:27,(anonymous_2)
FN:33,countWordOccurrences
FN:36,(anonymous_4)
FN:42,scoreContent
FN:44,(anonymous_6)
FN:56,rankContents
FN:57,(anonymous_8)
FN:63,(anonymous_9)
FN:67,getTopContent
FNF:11
FNH:11
FNDA:2,generateRelatedWords
FNDA:10,(anonymous_1)
FNDA:6,(anonymous_2)
FNDA:16,countWordOccurrences
FNDA:2191,(anonymous_4)
FNDA:3,scoreContent
FNDA:15,(anonymous_6)
FNDA:1,rankContents
FNDA:3,(anonymous_8)
FNDA:4,(anonymous_9)
FNDA:1,getTopContent
DA:1,1
DA:2,1
DA:3,1
DA:10,2
DA:15,2
DA:19,2
DA:24,10
DA:25,2
DA:26,2
DA:27,6
DA:34,16
DA:35,16
DA:36,16
DA:37,2191
DA:39,16
DA:43,3
DA:44,3
DA:45,15
DA:47,3
DA:50,3
DA:51,3
DA:52,3
DA:57,3
DA:63,4
DA:68,1
DA:69,1
DA:70,1
DA:71,1
DA:72,1
DA:73,1
DA:74,1
DA:78,1
LF:32
LH:32
BRDA:37,0,0,3
BRDA:37,0,1,2188
BRF:2
BRH:2
end_of_record
